<?xml version="1.0" encoding="UTF-8"?>
<!-- Generated by org.testng.reporters.JUnitXMLReporter -->
<testsuite ignored="0" hostname="Etienne" failures="0" tests="4" name="Default test" time="5.57" errors="0" timestamp="2024-07-15T14:59:01 CEST">
  <testcase classname="api.test.UserTests_Properties" name="test_createUser" time="2.179"/>
  <testcase classname="api.test.UserTests_Properties" name="test_getUserByName" time="0.581"/>
  <testcase classname="api.test.UserTests_Properties" name="test_updateUserByName" time="1.109"/>
  <testcase classname="api.test.UserTests_Properties" name="test_deleteUserByName" time="1.018"/>
</testsuite> <!-- Default test -->
