<?xml version="1.0" encoding="UTF-8"?>
<!-- Generated by org.testng.reporters.JUnitXMLReporter -->
<testsuite ignored="0" hostname="Etienne" failures="0" tests="4" name="UserTests" time="5.686" errors="0" timestamp="2024-07-15T15:01:06 CEST">
  <testcase classname="api.test.UserTests_Properties" name="test_createUser" time="1.834"/>
  <testcase classname="api.test.UserTests_Properties" name="test_getUserByName" time="0.612"/>
  <testcase classname="api.test.UserTests_Properties" name="test_updateUserByName" time="1.081"/>
  <testcase classname="api.test.UserTests_Properties" name="test_deleteUserByName" time="1.245"/>
</testsuite> <!-- UserTests -->
