<?xml version="1.0" encoding="UTF-8"?>
<testng-results ignored="0" total="4" passed="4" failed="0" skipped="0">
  <reporter-output>
  </reporter-output>
  <suite started-at="2024-07-16T11:09:31 CEST" name="UsersSuite" finished-at="2024-07-16T11:09:38 CEST" duration-ms="6314">
    <groups>
    </groups>
    <test started-at="2024-07-16T11:09:31 CEST" name="UserTests" finished-at="2024-07-16T11:09:38 CEST" duration-ms="6314">
      <class name="api.test.UserTests_Properties">
        <test-method is-config="true" signature="setup()[pri:0, instance:api.test.UserTests_Properties@7f3b84b8]" started-at="2024-07-16T11:09:32 CEST" name="setup" finished-at="2024-07-16T11:09:33 CEST" duration-ms="872" status="PASS">
          <reporter-output>
          </reporter-output>
        </test-method> <!-- setup -->
        <test-method signature="test_createUser()[pri:1, instance:api.test.UserTests_Properties@7f3b84b8]" started-at="2024-07-16T11:09:33 CEST" name="test_createUser" finished-at="2024-07-16T11:09:35 CEST" duration-ms="2427" status="PASS">
          <reporter-output>
          </reporter-output>
        </test-method> <!-- test_createUser -->
        <test-method signature="test_getUserByName()[pri:2, instance:api.test.UserTests_Properties@7f3b84b8]" started-at="2024-07-16T11:09:35 CEST" name="test_getUserByName" finished-at="2024-07-16T11:09:36 CEST" duration-ms="543" status="PASS">
          <reporter-output>
          </reporter-output>
        </test-method> <!-- test_getUserByName -->
        <test-method signature="test_updateUserByName()[pri:3, instance:api.test.UserTests_Properties@7f3b84b8]" started-at="2024-07-16T11:09:36 CEST" name="test_updateUserByName" finished-at="2024-07-16T11:09:37 CEST" duration-ms="1030" status="PASS">
          <reporter-output>
          </reporter-output>
        </test-method> <!-- test_updateUserByName -->
        <test-method signature="test_deleteUserByName()[pri:4, instance:api.test.UserTests_Properties@7f3b84b8]" started-at="2024-07-16T11:09:37 CEST" name="test_deleteUserByName" finished-at="2024-07-16T11:09:38 CEST" duration-ms="1123" status="PASS">
          <reporter-output>
          </reporter-output>
        </test-method> <!-- test_deleteUserByName -->
      </class> <!-- api.test.UserTests_Properties -->
    </test> <!-- UserTests -->
  </suite> <!-- UsersSuite -->
</testng-results>
