<?xml version="1.0" encoding="UTF-8"?>
<testng-results ignored="0" total="4" passed="4" failed="0" skipped="0">
  <reporter-output>
  </reporter-output>
  <suite started-at="2024-07-15T15:01:00 CEST" name="UsersSuite" finished-at="2024-07-15T15:01:06 CEST" duration-ms="5686">
    <groups>
    </groups>
    <test started-at="2024-07-15T15:01:00 CEST" name="UserTests" finished-at="2024-07-15T15:01:06 CEST" duration-ms="5686">
      <class name="api.test.UserTests_Properties">
        <test-method is-config="true" signature="setup()[pri:0, instance:api.test.UserTests_Properties@9d5509a]" started-at="2024-07-15T15:01:00 CEST" name="setup" finished-at="2024-07-15T15:01:01 CEST" duration-ms="600" status="PASS">
          <reporter-output>
          </reporter-output>
        </test-method> <!-- setup -->
        <test-method signature="test_createUser()[pri:1, instance:api.test.UserTests_Properties@9d5509a]" started-at="2024-07-15T15:01:01 CEST" name="test_createUser" finished-at="2024-07-15T15:01:03 CEST" duration-ms="1834" status="PASS">
          <reporter-output>
          </reporter-output>
        </test-method> <!-- test_createUser -->
        <test-method signature="test_getUserByName()[pri:2, instance:api.test.UserTests_Properties@9d5509a]" started-at="2024-07-15T15:01:03 CEST" name="test_getUserByName" finished-at="2024-07-15T15:01:03 CEST" duration-ms="612" status="PASS">
          <reporter-output>
          </reporter-output>
        </test-method> <!-- test_getUserByName -->
        <test-method signature="test_updateUserByName()[pri:3, instance:api.test.UserTests_Properties@9d5509a]" started-at="2024-07-15T15:01:03 CEST" name="test_updateUserByName" finished-at="2024-07-15T15:01:04 CEST" duration-ms="1081" status="PASS">
          <reporter-output>
          </reporter-output>
        </test-method> <!-- test_updateUserByName -->
        <test-method signature="test_deleteUserByName()[pri:4, instance:api.test.UserTests_Properties@9d5509a]" started-at="2024-07-15T15:01:04 CEST" name="test_deleteUserByName" finished-at="2024-07-15T15:01:06 CEST" duration-ms="1245" status="PASS">
          <reporter-output>
          </reporter-output>
        </test-method> <!-- test_deleteUserByName -->
      </class> <!-- api.test.UserTests_Properties -->
    </test> <!-- UserTests -->
  </suite> <!-- UsersSuite -->
</testng-results>
